# JRE version: Java(TM) SE Runtime Environment (17.0.7+8) (build 17.0.7+8-LTS-224)
# Java VM: Java HotSpot(TM) 64-Bit Server VM (17.0.7+8-LTS-224, mixed mode, emulated-client, sharing, tiered, compressed oops, compressed class ptrs, g1 gc, windows-amd64)
GC Precious Log:
 CPUs: 8 total, 8 available
 Memory: 24394M
 Large Page Support: Disabled
 NUMA Support: Disabled
 Compressed Oops: Enabled (Zero based)
 Heap Region Size: 4M
 Heap Min Capacity: 8M
 Heap Initial Capacity: 384M
 Heap Max Capacity: 6100M
 Pre-touch: Disabled
 Parallel Workers: 8
 Concurrent Workers: 2
 Concurrent Refinement Workers: 8
 Periodic GC: Disabled
Heap:
 garbage-first heap   total 167936K, used 72910K [0x0000000682c00000, 0x0000000800000000)
  region size 4096K, 1 young (4096K), 1 survivors (4096K)
 Metaspace       used 86923K, committed 87680K, reserved 1130496K
  class space    used 12850K, committed 13184K, reserved 1048576K
GC Heap History (20 events):
Event: 9.303 GC heap after
{Heap after GC invocations=21 (full 0):
 garbage-first heap   total 139264K, used 49977K [0x0000000682c00000, 0x0000000800000000)
  region size 4096K, 3 young (12288K), 3 survivors (12288K)
 Metaspace       used 72629K, committed 73216K, reserved 1114112K
  class space    used 10682K, committed 10944K, reserved 1048576K
}
Event: 9.656 GC heap before
{Heap before GC invocations=21 (full 0):
 garbage-first heap   total 139264K, used 103225K [0x0000000682c00000, 0x0000000800000000)
  region size 4096K, 16 young (65536K), 3 survivors (12288K)
 Metaspace       used 74450K, committed 75072K, reserved 1114112K
  class space    used 10968K, committed 11264K, reserved 1048576K
}
Event: 9.662 GC heap after
{Heap after GC invocations=22 (full 0):
 garbage-first heap   total 139264K, used 51722K [0x0000000682c00000, 0x0000000800000000)
  region size 4096K, 2 young (8192K), 2 survivors (8192K)
 Metaspace       used 74450K, committed 75072K, reserved 1114112K
  class space    used 10968K, committed 11264K, reserved 1048576K
}
Event: 10.165 GC heap before
{Heap before GC invocations=22 (full 0):
 garbage-first heap   total 139264K, used 109066K [0x0000000682c00000, 0x0000000800000000)
  region size 4096K, 16 young (65536K), 2 survivors (8192K)
 Metaspace       used 75696K, committed 76352K, reserved 1114112K
  class space    used 11188K, committed 11520K, reserved 1048576K
}
Event: 10.170 GC heap after
{Heap after GC invocations=23 (full 0):
 garbage-first heap   total 167936K, used 54078K [0x0000000682c00000, 0x0000000800000000)
  region size 4096K, 2 young (8192K), 2 survivors (8192K)
 Metaspace       used 75696K, committed 76352K, reserved 1114112K
  class space    used 11188K, committed 11520K, reserved 1048576K
}
Event: 110.961 GC heap before
{Heap before GC invocations=23 (full 0):
 garbage-first heap   total 167936K, used 127806K [0x0000000682c00000, 0x0000000800000000)
  region size 4096K, 21 young (86016K), 2 survivors (8192K)
 Metaspace       used 83625K, committed 84288K, reserved 1122304K
  class space    used 12320K, committed 12608K, reserved 1048576K
}
Event: 110.973 GC heap after
{Heap after GC invocations=24 (full 0):
 garbage-first heap   total 167936K, used 58115K [0x0000000682c00000, 0x0000000800000000)
  region size 4096K, 3 young (12288K), 3 survivors (12288K)
 Metaspace       used 83625K, committed 84288K, reserved 1122304K
  class space    used 12320K, committed 12608K, reserved 1048576K
}
Event: 2243.124 GC heap before
{Heap before GC invocations=24 (full 0):
 garbage-first heap   total 167936K, used 123651K [0x0000000682c00000, 0x0000000800000000)
  region size 4096K, 20 young (81920K), 3 survivors (12288K)
 Metaspace       used 86915K, committed 87680K, reserved 1130496K
  class space    used 12848K, committed 13184K, reserved 1048576K
}
Event: 2243.131 GC heap after
{Heap after GC invocations=25 (full 0):
 garbage-first heap   total 167936K, used 61307K [0x0000000682c00000, 0x0000000800000000)
  region size 4096K, 2 young (8192K), 2 survivors (8192K)
 Metaspace       used 86915K, committed 87680K, reserved 1130496K
  class space    used 12848K, committed 13184K, reserved 1048576K
}
Event: 2260.352 GC heap before
{Heap before GC invocations=25 (full 0):
 garbage-first heap   total 167936K, used 77691K [0x0000000682c00000, 0x0000000800000000)
  region size 4096K, 3 young (12288K), 2 survivors (8192K)
 Metaspace       used 86915K, committed 87680K, reserved 1130496K
  class space    used 12848K, committed 13184K, reserved 1048576K
}
Event: 2260.357 GC heap after
{Heap after GC invocations=26 (full 0):
 garbage-first heap   total 167936K, used 65124K [0x0000000682c00000, 0x0000000800000000)
  region size 4096K, 1 young (4096K), 1 survivors (4096K)
 Metaspace       used 86915K, committed 87680K, reserved 1130496K
  class space    used 12848K, committed 13184K, reserved 1048576K
}
Event: 2260.359 GC heap before
{Heap before GC invocations=26 (full 0):
 garbage-first heap   total 167936K, used 77412K [0x0000000682c00000, 0x0000000800000000)
  region size 4096K, 2 young (8192K), 1 survivors (4096K)
 Metaspace       used 86915K, committed 87680K, reserved 1130496K
  class space    used 12848K, committed 13184K, reserved 1048576K
}
Event: 2260.363 GC heap after
{Heap after GC invocations=27 (full 0):
 garbage-first heap   total 167936K, used 73367K [0x0000000682c00000, 0x0000000800000000)
  region size 4096K, 1 young (4096K), 1 survivors (4096K)
 Metaspace       used 86915K, committed 87680K, reserved 1130496K
  class space    used 12848K, committed 13184K, reserved 1048576K
}
Event: 2310.884 GC heap before
{Heap before GC invocations=27 (full 0):
 garbage-first heap   total 167936K, used 77463K [0x0000000682c00000, 0x0000000800000000)
  region size 4096K, 2 young (8192K), 1 survivors (4096K)
 Metaspace       used 86923K, committed 87680K, reserved 1130496K
  class space    used 12850K, committed 13184K, reserved 1048576K
}
Event: 2310.887 GC heap after
{Heap after GC invocations=28 (full 0):
 garbage-first heap   total 167936K, used 61921K [0x0000000682c00000, 0x0000000800000000)
  region size 4096K, 2 young (8192K), 2 survivors (8192K)
 Metaspace       used 86923K, committed 87680K, reserved 1130496K
  class space    used 12850K, committed 13184K, reserved 1048576K
}
Event: 2310.890 GC heap before
{Heap before GC invocations=28 (full 0):
 garbage-first heap   total 167936K, used 74209K [0x0000000682c00000, 0x0000000800000000)
  region size 4096K, 3 young (12288K), 2 survivors (8192K)
 Metaspace       used 86923K, committed 87680K, reserved 1130496K
  class space    used 12850K, committed 13184K, reserved 1048576K
}
Event: 2310.893 GC heap after
{Heap after GC invocations=29 (full 0):
 garbage-first heap   total 167936K, used 69384K [0x0000000682c00000, 0x0000000800000000)
  region size 4096K, 1 young (4096K), 1 survivors (4096K)
 Metaspace       used 86923K, committed 87680K, reserved 1130496K
  class space    used 12850K, committed 13184K, reserved 1048576K
}
Event: 2310.896 GC heap before
{Heap before GC invocations=29 (full 0):
 garbage-first heap   total 167936K, used 73480K [0x0000000682c00000, 0x0000000800000000)
  region size 4096K, 2 young (8192K), 1 survivors (4096K)
 Metaspace       used 86923K, committed 87680K, reserved 1130496K
  class space    used 12850K, committed 13184K, reserved 1048576K
}
Event: 2310.897 GC heap after
{Heap after GC invocations=30 (full 0):
 garbage-first heap   total 167936K, used 64810K [0x0000000682c00000, 0x0000000800000000)
  region size 4096K, 1 young (4096K), 1 survivors (4096K)
 Metaspace       used 86923K, committed 87680K, reserved 1130496K
  class space    used 12850K, committed 13184K, reserved 1048576K
}
Event: 2310.900 GC heap before
{Heap before GC invocations=30 (full 0):
 garbage-first heap   total 167936K, used 77098K [0x0000000682c00000, 0x0000000800000000)
  region size 4096K, 2 young (8192K), 1 survivors (4096K)
 Metaspace       used 86923K, committed 87680K, reserved 1130496K
  class space    used 12850K, committed 13184K, reserved 1048576K
}

